
==========================================================================
finish report_tns
--------------------------------------------------------------------------
tns max 0.00

==========================================================================
finish report_wns
--------------------------------------------------------------------------
wns max 0.00

==========================================================================
finish report_worst_slack
--------------------------------------------------------------------------
worst slack max 3.55

==========================================================================
finish report_clock_min_period
--------------------------------------------------------------------------
clk period_min = 1.45 fmax = 689.79

==========================================================================
finish report_clock_skew
--------------------------------------------------------------------------
Clock clk
   0.13 source latency pe00.acc[11]$_DFF_PP0_/CK ^
  -0.14 target latency pe00.acc[20]$_DFF_PP0_/CK ^
   0.00 CRPR
--------------
  -0.01 setup skew


==========================================================================
finish report_checks -path_delay min
--------------------------------------------------------------------------
Startpoint: rst (input port clocked by clk)
Endpoint: pe11.acc[8]$_DFF_PP0_ (removal check against rising-edge clock clk)
Path Group: asynchronous
Path Type: min

Fanout     Cap    Slew   Delay    Time   Description
-----------------------------------------------------------------------------
                          0.00    0.00   clock clk (rise edge)
                          0.00    0.00   clock network delay (propagated)
                          0.10    0.10 v input external delay
     1    1.11    0.00    0.00    0.10 v rst (in)
                                         rst (net)
                  0.00    0.00    0.10 v hold238/A (CLKBUF_X1)
     1    0.72    0.01    0.02    0.12 v hold238/Z (CLKBUF_X1)
                                         net238 (net)
                  0.01    0.00    0.12 v hold235/A (CLKBUF_X1)
     1    0.72    0.01    0.02    0.15 v hold235/Z (CLKBUF_X1)
                                         net235 (net)
                  0.01    0.00    0.15 v hold239/A (CLKBUF_X1)
     1    1.09    0.01    0.03    0.17 v hold239/Z (CLKBUF_X1)
                                         net239 (net)
                  0.01    0.00    0.17 v input65/A (BUF_X1)
     1    0.90    0.00    0.02    0.20 v input65/Z (BUF_X1)
                                         net65 (net)
                  0.00    0.00    0.20 v hold240/A (CLKBUF_X1)
     1    0.93    0.01    0.02    0.22 v hold240/Z (CLKBUF_X1)
                                         net240 (net)
                  0.01    0.00    0.22 v hold236/A (CLKBUF_X1)
     1    1.00    0.01    0.03    0.25 v hold236/Z (CLKBUF_X1)
                                         net236 (net)
                  0.01    0.00    0.25 v hold241/A (CLKBUF_X1)
     1    3.25    0.01    0.03    0.28 v hold241/Z (CLKBUF_X1)
                                         net241 (net)
                  0.01    0.00    0.28 v _09651_/A (INV_X2)
     1    0.97    0.01    0.01    0.29 ^ _09651_/ZN (INV_X2)
                                         _03868_ (net)
                  0.01    0.00    0.29 ^ hold242/A (CLKBUF_X1)
     1    1.52    0.01    0.03    0.31 ^ hold242/Z (CLKBUF_X1)
                                         net242 (net)
                  0.01    0.00    0.31 ^ hold237/A (CLKBUF_X3)
    27   57.72    0.04    0.06    0.38 ^ hold237/Z (CLKBUF_X3)
                                         net237 (net)
                  0.04    0.00    0.38 ^ pe11.acc[8]$_DFF_PP0_/RN (DFFR_X1)
                                  0.38   data arrival time

                          0.00    0.00   clock clk (rise edge)
                          0.00    0.00   clock source latency
     1   11.91    0.00    0.00    0.00 ^ clk (in)
                                         clk (net)
                  0.00    0.00    0.00 ^ clkbuf_0_clk/A (CLKBUF_X3)
    16   56.33    0.04    0.07    0.07 ^ clkbuf_0_clk/Z (CLKBUF_X3)
                                         clknet_0_clk (net)
                  0.04    0.00    0.07 ^ clkbuf_4_11_0_clk/A (CLKBUF_X3)
    13   21.58    0.02    0.06    0.13 ^ clkbuf_4_11_0_clk/Z (CLKBUF_X3)
                                         clknet_4_11_0_clk (net)
                  0.02    0.00    0.13 ^ pe11.acc[8]$_DFF_PP0_/CK (DFFR_X1)
                          0.00    0.13   clock reconvergence pessimism
                          0.24    0.37   library removal time
                                  0.37   data required time
-----------------------------------------------------------------------------
                                  0.37   data required time
                                 -0.38   data arrival time
-----------------------------------------------------------------------------
                                  0.01   slack (MET)


Startpoint: A10[0] (input port clocked by clk)
Endpoint: pe10.a_out[0]$_DFF_PP0_
          (rising edge-triggered flip-flop clocked by clk)
Path Group: clk
Path Type: min

Fanout     Cap    Slew   Delay    Time   Description
-----------------------------------------------------------------------------
                          0.00    0.00   clock clk (rise edge)
                          0.00    0.00   clock network delay (propagated)
                          0.10    0.10 ^ input external delay
     1    5.63    0.00    0.00    0.10 ^ A10[0] (in)
                                         A10[0] (net)
                  0.00    0.00    0.10 ^ input17/A (BUF_X1)
    17   28.53    0.06    0.08    0.18 ^ input17/Z (BUF_X1)
                                         net17 (net)
                  0.06    0.00    0.18 ^ pe10.a_out[0]$_DFF_PP0_/D (DFFR_X1)
                                  0.18   data arrival time

                          0.00    0.00   clock clk (rise edge)
                          0.00    0.00   clock source latency
     1   11.91    0.00    0.00    0.00 ^ clk (in)
                                         clk (net)
                  0.00    0.00    0.00 ^ clkbuf_0_clk/A (CLKBUF_X3)
    16   56.33    0.04    0.07    0.07 ^ clkbuf_0_clk/Z (CLKBUF_X3)
                                         clknet_0_clk (net)
                  0.04    0.00    0.07 ^ clkbuf_4_12_0_clk/A (CLKBUF_X3)
    16   21.92    0.02    0.06    0.13 ^ clkbuf_4_12_0_clk/Z (CLKBUF_X3)
                                         clknet_4_12_0_clk (net)
                  0.02    0.00    0.13 ^ pe10.a_out[0]$_DFF_PP0_/CK (DFFR_X1)
                          0.00    0.13   clock reconvergence pessimism
                          0.03    0.16   library hold time
                                  0.16   data required time
-----------------------------------------------------------------------------
                                  0.16   data required time
                                 -0.18   data arrival time
-----------------------------------------------------------------------------
                                  0.02   slack (MET)



==========================================================================
finish report_checks -path_delay max
--------------------------------------------------------------------------
Startpoint: rst (input port clocked by clk)
Endpoint: pe00.acc[29]$_DFF_PP0_ (recovery check against rising-edge clock clk)
Path Group: asynchronous
Path Type: max

Fanout     Cap    Slew   Delay    Time   Description
-----------------------------------------------------------------------------
                          0.00    0.00   clock clk (rise edge)
                          0.00    0.00   clock network delay (propagated)
                          0.10    0.10 v input external delay
     1    1.11    0.00    0.00    0.10 v rst (in)
                                         rst (net)
                  0.00    0.00    0.10 v hold238/A (CLKBUF_X1)
     1    0.72    0.01    0.02    0.12 v hold238/Z (CLKBUF_X1)
                                         net238 (net)
                  0.01    0.00    0.12 v hold235/A (CLKBUF_X1)
     1    0.72    0.01    0.02    0.15 v hold235/Z (CLKBUF_X1)
                                         net235 (net)
                  0.01    0.00    0.15 v hold239/A (CLKBUF_X1)
     1    1.09    0.01    0.03    0.17 v hold239/Z (CLKBUF_X1)
                                         net239 (net)
                  0.01    0.00    0.17 v input65/A (BUF_X1)
     1    0.90    0.00    0.02    0.20 v input65/Z (BUF_X1)
                                         net65 (net)
                  0.00    0.00    0.20 v hold240/A (CLKBUF_X1)
     1    0.93    0.01    0.02    0.22 v hold240/Z (CLKBUF_X1)
                                         net240 (net)
                  0.01    0.00    0.22 v hold236/A (CLKBUF_X1)
     1    1.00    0.01    0.03    0.25 v hold236/Z (CLKBUF_X1)
                                         net236 (net)
                  0.01    0.00    0.25 v hold241/A (CLKBUF_X1)
     1    3.25    0.01    0.03    0.28 v hold241/Z (CLKBUF_X1)
                                         net241 (net)
                  0.01    0.00    0.28 v _09651_/A (INV_X2)
     1    0.97    0.01    0.01    0.29 ^ _09651_/ZN (INV_X2)
                                         _03868_ (net)
                  0.01    0.00    0.29 ^ hold242/A (CLKBUF_X1)
     1    1.52    0.01    0.03    0.31 ^ hold242/Z (CLKBUF_X1)
                                         net242 (net)
                  0.01    0.00    0.31 ^ hold237/A (CLKBUF_X3)
    27   57.72    0.04    0.06    0.38 ^ hold237/Z (CLKBUF_X3)
                                         net237 (net)
                  0.05    0.02    0.40 ^ place220/A (BUF_X2)
    23   47.57    0.05    0.08    0.48 ^ place220/Z (BUF_X2)
                                         net220 (net)
                  0.05    0.00    0.48 ^ place219/A (BUF_X2)
    33   72.05    0.08    0.10    0.58 ^ place219/Z (BUF_X2)
                                         net219 (net)
                  0.08    0.01    0.59 ^ place218/A (BUF_X2)
    24   58.76    0.07    0.09    0.69 ^ place218/Z (BUF_X2)
                                         net218 (net)
                  0.07    0.01    0.70 ^ pe00.acc[29]$_DFF_PP0_/RN (DFFR_X1)
                                  0.70   data arrival time

                          5.00    5.00   clock clk (rise edge)
                          0.00    5.00   clock source latency
     1   11.91    0.00    0.00    5.00 ^ clk (in)
                                         clk (net)
                  0.00    0.00    5.00 ^ clkbuf_0_clk/A (CLKBUF_X3)
    16   56.33    0.04    0.07    5.07 ^ clkbuf_0_clk/Z (CLKBUF_X3)
                                         clknet_0_clk (net)
                  0.04    0.00    5.07 ^ clkbuf_4_5_0_clk/A (CLKBUF_X3)
     9   20.73    0.02    0.06    5.13 ^ clkbuf_4_5_0_clk/Z (CLKBUF_X3)
                                         clknet_4_5_0_clk (net)
                  0.02    0.00    5.13 ^ pe00.acc[29]$_DFF_PP0_/CK (DFFR_X1)
                          0.00    5.13   clock reconvergence pessimism
                          0.05    5.18   library recovery time
                                  5.18   data required time
-----------------------------------------------------------------------------
                                  5.18   data required time
                                 -0.70   data arrival time
-----------------------------------------------------------------------------
                                  4.49   slack (MET)


Startpoint: pe00.b_out[4]$_DFF_PP0_
            (rising edge-triggered flip-flop clocked by clk)
Endpoint: pe10.acc[28]$_DFF_PP0_
          (rising edge-triggered flip-flop clocked by clk)
Path Group: clk
Path Type: max

Fanout     Cap    Slew   Delay    Time   Description
-----------------------------------------------------------------------------
                          0.00    0.00   clock clk (rise edge)
                          0.00    0.00   clock source latency
     1   11.91    0.00    0.00    0.00 ^ clk (in)
                                         clk (net)
                  0.00    0.00    0.00 ^ clkbuf_0_clk/A (CLKBUF_X3)
    16   56.33    0.04    0.07    0.07 ^ clkbuf_0_clk/Z (CLKBUF_X3)
                                         clknet_0_clk (net)
                  0.04    0.00    0.07 ^ clkbuf_4_6_0_clk/A (CLKBUF_X3)
    16   22.53    0.02    0.06    0.13 ^ clkbuf_4_6_0_clk/Z (CLKBUF_X3)
                                         clknet_4_6_0_clk (net)
                  0.02    0.00    0.13 ^ pe00.b_out[4]$_DFF_PP0_/CK (DFFR_X1)
    16   32.70    0.07    0.18    0.31 ^ pe00.b_out[4]$_DFF_PP0_/Q (DFFR_X1)
                                         b00[4] (net)
                  0.07    0.01    0.31 ^ _07736_/A1 (AND2_X1)
     1    4.07    0.01    0.05    0.37 ^ _07736_/ZN (AND2_X1)
                                         _01784_ (net)
                  0.01    0.00    0.37 ^ _10207_/A (FA_X1)
     1    1.58    0.01    0.09    0.45 v _10207_/S (FA_X1)
                                         _01788_ (net)
                  0.01    0.00    0.45 v _07710_/A (INV_X1)
     1    2.86    0.01    0.02    0.47 ^ _07710_/ZN (INV_X1)
                                         _01824_ (net)
                  0.01    0.00    0.47 ^ _10218_/CI (FA_X1)
     1    4.13    0.02    0.09    0.57 v _10218_/S (FA_X1)
                                         _05625_ (net)
                  0.02    0.00    0.57 v _10221_/B (FA_X1)
     1    1.82    0.01    0.12    0.69 ^ _10221_/S (FA_X1)
                                         _01835_ (net)
                  0.01    0.00    0.69 ^ _07720_/A (INV_X1)
     1    3.79    0.01    0.01    0.70 v _07720_/ZN (INV_X1)
                                         _01850_ (net)
                  0.01    0.00    0.70 v _10226_/A (FA_X1)
     1    3.06    0.02    0.10    0.80 v _10226_/S (FA_X1)
                                         _05634_ (net)
                  0.02    0.00    0.80 v _10232_/CI (FA_X1)
     1    1.72    0.01    0.11    0.91 ^ _10232_/S (FA_X1)
                                         _01868_ (net)
                  0.01    0.00    0.91 ^ _07754_/A (INV_X1)
     1    2.99    0.01    0.01    0.92 v _07754_/ZN (INV_X1)
                                         _01878_ (net)
                  0.01    0.00    0.92 v _10236_/CI (FA_X1)
     1    4.73    0.02    0.12    1.04 ^ _10236_/S (FA_X1)
                                         _01880_ (net)
                  0.02    0.00    1.04 ^ _07486_/A (INV_X1)
     1    3.65    0.01    0.01    1.05 v _07486_/ZN (INV_X1)
                                         _03429_ (net)
                  0.01    0.00    1.05 v _10802_/B (HA_X1)
     5    9.11    0.02    0.07    1.12 v _10802_/S (HA_X1)
                                         _03431_ (net)
                  0.02    0.00    1.12 v _08395_/B1 (AOI21_X1)
     3    6.01    0.04    0.05    1.17 ^ _08395_/ZN (AOI21_X1)
                                         _04465_ (net)
                  0.04    0.00    1.17 ^ _09582_/A (INV_X1)
     1   10.36    0.02    0.03    1.20 v _09582_/ZN (INV_X1)
                                         _04872_ (net)
                  0.02    0.00    1.20 v _09583_/B (AOI211_X2)
     1    7.63    0.05    0.08    1.28 ^ _09583_/ZN (AOI211_X2)
                                         _04873_ (net)
                  0.05    0.00    1.28 ^ _09584_/B2 (OAI21_X1)
     1    4.13    0.02    0.03    1.32 v _09584_/ZN (OAI21_X1)
                                         _04874_ (net)
                  0.02    0.00    1.32 v _09585_/B2 (OAI22_X2)
     2    5.59    0.04    0.05    1.37 ^ _09585_/ZN (OAI22_X2)
                                         _04875_ (net)
                  0.04    0.00    1.37 ^ _09588_/B1 (OAI221_X1)
     2    6.90    0.03    0.05    1.42 v _09588_/ZN (OAI221_X1)
                                         _04878_ (net)
                  0.03    0.00    1.42 v _09594_/B1 (AOI221_X2)
     1    2.94    0.04    0.08    1.50 ^ _09594_/ZN (AOI221_X2)
                                         _04883_ (net)
                  0.04    0.00    1.50 ^ _09595_/B (XNOR2_X1)
     1    2.47    0.02    0.05    1.55 ^ _09595_/ZN (XNOR2_X1)
                                         _03774_ (net)
                  0.02    0.00    1.55 ^ pe10.acc[28]$_DFF_PP0_/D (DFFR_X1)
                                  1.55   data arrival time

                          5.00    5.00   clock clk (rise edge)
                          0.00    5.00   clock source latency
     1   11.91    0.00    0.00    5.00 ^ clk (in)
                                         clk (net)
                  0.00    0.00    5.00 ^ clkbuf_0_clk/A (CLKBUF_X3)
    16   56.33    0.04    0.07    5.07 ^ clkbuf_0_clk/Z (CLKBUF_X3)
                                         clknet_0_clk (net)
                  0.04    0.00    5.07 ^ clkbuf_4_5_0_clk/A (CLKBUF_X3)
     9   20.73    0.02    0.06    5.13 ^ clkbuf_4_5_0_clk/Z (CLKBUF_X3)
                                         clknet_4_5_0_clk (net)
                  0.02    0.00    5.13 ^ pe10.acc[28]$_DFF_PP0_/CK (DFFR_X1)
                          0.00    5.13   clock reconvergence pessimism
                         -0.03    5.10   library setup time
                                  5.10   data required time
-----------------------------------------------------------------------------
                                  5.10   data required time
                                 -1.55   data arrival time
-----------------------------------------------------------------------------
                                  3.55   slack (MET)



==========================================================================
finish report_checks -unconstrained
--------------------------------------------------------------------------
Startpoint: rst (input port clocked by clk)
Endpoint: pe00.acc[29]$_DFF_PP0_ (recovery check against rising-edge clock clk)
Path Group: asynchronous
Path Type: max

Fanout     Cap    Slew   Delay    Time   Description
-----------------------------------------------------------------------------
                          0.00    0.00   clock clk (rise edge)
                          0.00    0.00   clock network delay (propagated)
                          0.10    0.10 v input external delay
     1    1.11    0.00    0.00    0.10 v rst (in)
                                         rst (net)
                  0.00    0.00    0.10 v hold238/A (CLKBUF_X1)
     1    0.72    0.01    0.02    0.12 v hold238/Z (CLKBUF_X1)
                                         net238 (net)
                  0.01    0.00    0.12 v hold235/A (CLKBUF_X1)
     1    0.72    0.01    0.02    0.15 v hold235/Z (CLKBUF_X1)
                                         net235 (net)
                  0.01    0.00    0.15 v hold239/A (CLKBUF_X1)
     1    1.09    0.01    0.03    0.17 v hold239/Z (CLKBUF_X1)
                                         net239 (net)
                  0.01    0.00    0.17 v input65/A (BUF_X1)
     1    0.90    0.00    0.02    0.20 v input65/Z (BUF_X1)
                                         net65 (net)
                  0.00    0.00    0.20 v hold240/A (CLKBUF_X1)
     1    0.93    0.01    0.02    0.22 v hold240/Z (CLKBUF_X1)
                                         net240 (net)
                  0.01    0.00    0.22 v hold236/A (CLKBUF_X1)
     1    1.00    0.01    0.03    0.25 v hold236/Z (CLKBUF_X1)
                                         net236 (net)
                  0.01    0.00    0.25 v hold241/A (CLKBUF_X1)
     1    3.25    0.01    0.03    0.28 v hold241/Z (CLKBUF_X1)
                                         net241 (net)
                  0.01    0.00    0.28 v _09651_/A (INV_X2)
     1    0.97    0.01    0.01    0.29 ^ _09651_/ZN (INV_X2)
                                         _03868_ (net)
                  0.01    0.00    0.29 ^ hold242/A (CLKBUF_X1)
     1    1.52    0.01    0.03    0.31 ^ hold242/Z (CLKBUF_X1)
                                         net242 (net)
                  0.01    0.00    0.31 ^ hold237/A (CLKBUF_X3)
    27   57.72    0.04    0.06    0.38 ^ hold237/Z (CLKBUF_X3)
                                         net237 (net)
                  0.05    0.02    0.40 ^ place220/A (BUF_X2)
    23   47.57    0.05    0.08    0.48 ^ place220/Z (BUF_X2)
                                         net220 (net)
                  0.05    0.00    0.48 ^ place219/A (BUF_X2)
    33   72.05    0.08    0.10    0.58 ^ place219/Z (BUF_X2)
                                         net219 (net)
                  0.08    0.01    0.59 ^ place218/A (BUF_X2)
    24   58.76    0.07    0.09    0.69 ^ place218/Z (BUF_X2)
                                         net218 (net)
                  0.07    0.01    0.70 ^ pe00.acc[29]$_DFF_PP0_/RN (DFFR_X1)
                                  0.70   data arrival time

                          5.00    5.00   clock clk (rise edge)
                          0.00    5.00   clock source latency
     1   11.91    0.00    0.00    5.00 ^ clk (in)
                                         clk (net)
                  0.00    0.00    5.00 ^ clkbuf_0_clk/A (CLKBUF_X3)
    16   56.33    0.04    0.07    5.07 ^ clkbuf_0_clk/Z (CLKBUF_X3)
                                         clknet_0_clk (net)
                  0.04    0.00    5.07 ^ clkbuf_4_5_0_clk/A (CLKBUF_X3)
     9   20.73    0.02    0.06    5.13 ^ clkbuf_4_5_0_clk/Z (CLKBUF_X3)
                                         clknet_4_5_0_clk (net)
                  0.02    0.00    5.13 ^ pe00.acc[29]$_DFF_PP0_/CK (DFFR_X1)
                          0.00    5.13   clock reconvergence pessimism
                          0.05    5.18   library recovery time
                                  5.18   data required time
-----------------------------------------------------------------------------
                                  5.18   data required time
                                 -0.70   data arrival time
-----------------------------------------------------------------------------
                                  4.49   slack (MET)


Startpoint: pe00.b_out[4]$_DFF_PP0_
            (rising edge-triggered flip-flop clocked by clk)
Endpoint: pe10.acc[28]$_DFF_PP0_
          (rising edge-triggered flip-flop clocked by clk)
Path Group: clk
Path Type: max

Fanout     Cap    Slew   Delay    Time   Description
-----------------------------------------------------------------------------
                          0.00    0.00   clock clk (rise edge)
                          0.00    0.00   clock source latency
     1   11.91    0.00    0.00    0.00 ^ clk (in)
                                         clk (net)
                  0.00    0.00    0.00 ^ clkbuf_0_clk/A (CLKBUF_X3)
    16   56.33    0.04    0.07    0.07 ^ clkbuf_0_clk/Z (CLKBUF_X3)
                                         clknet_0_clk (net)
                  0.04    0.00    0.07 ^ clkbuf_4_6_0_clk/A (CLKBUF_X3)
    16   22.53    0.02    0.06    0.13 ^ clkbuf_4_6_0_clk/Z (CLKBUF_X3)
                                         clknet_4_6_0_clk (net)
                  0.02    0.00    0.13 ^ pe00.b_out[4]$_DFF_PP0_/CK (DFFR_X1)
    16   32.70    0.07    0.18    0.31 ^ pe00.b_out[4]$_DFF_PP0_/Q (DFFR_X1)
                                         b00[4] (net)
                  0.07    0.01    0.31 ^ _07736_/A1 (AND2_X1)
     1    4.07    0.01    0.05    0.37 ^ _07736_/ZN (AND2_X1)
                                         _01784_ (net)
                  0.01    0.00    0.37 ^ _10207_/A (FA_X1)
     1    1.58    0.01    0.09    0.45 v _10207_/S (FA_X1)
                                         _01788_ (net)
                  0.01    0.00    0.45 v _07710_/A (INV_X1)
     1    2.86    0.01    0.02    0.47 ^ _07710_/ZN (INV_X1)
                                         _01824_ (net)
                  0.01    0.00    0.47 ^ _10218_/CI (FA_X1)
     1    4.13    0.02    0.09    0.57 v _10218_/S (FA_X1)
                                         _05625_ (net)
                  0.02    0.00    0.57 v _10221_/B (FA_X1)
     1    1.82    0.01    0.12    0.69 ^ _10221_/S (FA_X1)
                                         _01835_ (net)
                  0.01    0.00    0.69 ^ _07720_/A (INV_X1)
     1    3.79    0.01    0.01    0.70 v _07720_/ZN (INV_X1)
                                         _01850_ (net)
                  0.01    0.00    0.70 v _10226_/A (FA_X1)
     1    3.06    0.02    0.10    0.80 v _10226_/S (FA_X1)
                                         _05634_ (net)
                  0.02    0.00    0.80 v _10232_/CI (FA_X1)
     1    1.72    0.01    0.11    0.91 ^ _10232_/S (FA_X1)
                                         _01868_ (net)
                  0.01    0.00    0.91 ^ _07754_/A (INV_X1)
     1    2.99    0.01    0.01    0.92 v _07754_/ZN (INV_X1)
                                         _01878_ (net)
                  0.01    0.00    0.92 v _10236_/CI (FA_X1)
     1    4.73    0.02    0.12    1.04 ^ _10236_/S (FA_X1)
                                         _01880_ (net)
                  0.02    0.00    1.04 ^ _07486_/A (INV_X1)
     1    3.65    0.01    0.01    1.05 v _07486_/ZN (INV_X1)
                                         _03429_ (net)
                  0.01    0.00    1.05 v _10802_/B (HA_X1)
     5    9.11    0.02    0.07    1.12 v _10802_/S (HA_X1)
                                         _03431_ (net)
                  0.02    0.00    1.12 v _08395_/B1 (AOI21_X1)
     3    6.01    0.04    0.05    1.17 ^ _08395_/ZN (AOI21_X1)
                                         _04465_ (net)
                  0.04    0.00    1.17 ^ _09582_/A (INV_X1)
     1   10.36    0.02    0.03    1.20 v _09582_/ZN (INV_X1)
                                         _04872_ (net)
                  0.02    0.00    1.20 v _09583_/B (AOI211_X2)
     1    7.63    0.05    0.08    1.28 ^ _09583_/ZN (AOI211_X2)
                                         _04873_ (net)
                  0.05    0.00    1.28 ^ _09584_/B2 (OAI21_X1)
     1    4.13    0.02    0.03    1.32 v _09584_/ZN (OAI21_X1)
                                         _04874_ (net)
                  0.02    0.00    1.32 v _09585_/B2 (OAI22_X2)
     2    5.59    0.04    0.05    1.37 ^ _09585_/ZN (OAI22_X2)
                                         _04875_ (net)
                  0.04    0.00    1.37 ^ _09588_/B1 (OAI221_X1)
     2    6.90    0.03    0.05    1.42 v _09588_/ZN (OAI221_X1)
                                         _04878_ (net)
                  0.03    0.00    1.42 v _09594_/B1 (AOI221_X2)
     1    2.94    0.04    0.08    1.50 ^ _09594_/ZN (AOI221_X2)
                                         _04883_ (net)
                  0.04    0.00    1.50 ^ _09595_/B (XNOR2_X1)
     1    2.47    0.02    0.05    1.55 ^ _09595_/ZN (XNOR2_X1)
                                         _03774_ (net)
                  0.02    0.00    1.55 ^ pe10.acc[28]$_DFF_PP0_/D (DFFR_X1)
                                  1.55   data arrival time

                          5.00    5.00   clock clk (rise edge)
                          0.00    5.00   clock source latency
     1   11.91    0.00    0.00    5.00 ^ clk (in)
                                         clk (net)
                  0.00    0.00    5.00 ^ clkbuf_0_clk/A (CLKBUF_X3)
    16   56.33    0.04    0.07    5.07 ^ clkbuf_0_clk/Z (CLKBUF_X3)
                                         clknet_0_clk (net)
                  0.04    0.00    5.07 ^ clkbuf_4_5_0_clk/A (CLKBUF_X3)
     9   20.73    0.02    0.06    5.13 ^ clkbuf_4_5_0_clk/Z (CLKBUF_X3)
                                         clknet_4_5_0_clk (net)
                  0.02    0.00    5.13 ^ pe10.acc[28]$_DFF_PP0_/CK (DFFR_X1)
                          0.00    5.13   clock reconvergence pessimism
                         -0.03    5.10   library setup time
                                  5.10   data required time
-----------------------------------------------------------------------------
                                  5.10   data required time
                                 -1.55   data arrival time
-----------------------------------------------------------------------------
                                  3.55   slack (MET)



==========================================================================
finish report_check_types -max_slew -max_cap -max_fanout -violators
--------------------------------------------------------------------------

==========================================================================
finish max_slew_check_slack
--------------------------------------------------------------------------
0.1076636016368866

==========================================================================
finish max_slew_check_limit
--------------------------------------------------------------------------
0.1985349953174591

==========================================================================
finish max_slew_check_slack_limit
--------------------------------------------------------------------------
0.5423

==========================================================================
finish max_fanout_check_slack
--------------------------------------------------------------------------
1.0000000150474662e+30

==========================================================================
finish max_fanout_check_limit
--------------------------------------------------------------------------
1.0000000150474662e+30

==========================================================================
finish max_capacitance_check_slack
--------------------------------------------------------------------------
6.76331901550293

==========================================================================
finish max_capacitance_check_limit
--------------------------------------------------------------------------
13.809200286865234

==========================================================================
finish max_capacitance_check_slack_limit
--------------------------------------------------------------------------
0.4898

==========================================================================
finish max_slew_violation_count
--------------------------------------------------------------------------
max slew violation count 0

==========================================================================
finish max_fanout_violation_count
--------------------------------------------------------------------------
max fanout violation count 0

==========================================================================
finish max_cap_violation_count
--------------------------------------------------------------------------
max cap violation count 0

==========================================================================
finish setup_violation_count
--------------------------------------------------------------------------
setup violation count 0

==========================================================================
finish hold_violation_count
--------------------------------------------------------------------------
hold violation count 0

==========================================================================
finish report_checks -path_delay max reg to reg
--------------------------------------------------------------------------
Startpoint: pe00.b_out[4]$_DFF_PP0_
            (rising edge-triggered flip-flop clocked by clk)
Endpoint: pe10.acc[28]$_DFF_PP0_
          (rising edge-triggered flip-flop clocked by clk)
Path Group: clk
Path Type: max

  Delay    Time   Description
---------------------------------------------------------
   0.00    0.00   clock clk (rise edge)
   0.00    0.00   clock source latency
   0.00    0.00 ^ clk (in)
   0.07    0.07 ^ clkbuf_0_clk/Z (CLKBUF_X3)
   0.06    0.13 ^ clkbuf_4_6_0_clk/Z (CLKBUF_X3)
   0.00    0.13 ^ pe00.b_out[4]$_DFF_PP0_/CK (DFFR_X1)
   0.18    0.31 ^ pe00.b_out[4]$_DFF_PP0_/Q (DFFR_X1)
   0.06    0.37 ^ _07736_/ZN (AND2_X1)
   0.09    0.45 v _10207_/S (FA_X1)
   0.02    0.47 ^ _07710_/ZN (INV_X1)
   0.09    0.57 v _10218_/S (FA_X1)
   0.12    0.69 ^ _10221_/S (FA_X1)
   0.01    0.70 v _07720_/ZN (INV_X1)
   0.10    0.80 v _10226_/S (FA_X1)
   0.11    0.91 ^ _10232_/S (FA_X1)
   0.01    0.92 v _07754_/ZN (INV_X1)
   0.12    1.04 ^ _10236_/S (FA_X1)
   0.01    1.05 v _07486_/ZN (INV_X1)
   0.07    1.12 v _10802_/S (HA_X1)
   0.05    1.17 ^ _08395_/ZN (AOI21_X1)
   0.03    1.20 v _09582_/ZN (INV_X1)
   0.08    1.28 ^ _09583_/ZN (AOI211_X2)
   0.03    1.32 v _09584_/ZN (OAI21_X1)
   0.05    1.37 ^ _09585_/ZN (OAI22_X2)
   0.05    1.42 v _09588_/ZN (OAI221_X1)
   0.08    1.50 ^ _09594_/ZN (AOI221_X2)
   0.05    1.55 ^ _09595_/ZN (XNOR2_X1)
   0.00    1.55 ^ pe10.acc[28]$_DFF_PP0_/D (DFFR_X1)
           1.55   data arrival time

   5.00    5.00   clock clk (rise edge)
   0.00    5.00   clock source latency
   0.00    5.00 ^ clk (in)
   0.07    5.07 ^ clkbuf_0_clk/Z (CLKBUF_X3)
   0.06    5.13 ^ clkbuf_4_5_0_clk/Z (CLKBUF_X3)
   0.00    5.13 ^ pe10.acc[28]$_DFF_PP0_/CK (DFFR_X1)
   0.00    5.13   clock reconvergence pessimism
  -0.03    5.10   library setup time
           5.10   data required time
---------------------------------------------------------
           5.10   data required time
          -1.55   data arrival time
---------------------------------------------------------
           3.55   slack (MET)



==========================================================================
finish report_checks -path_delay min reg to reg
--------------------------------------------------------------------------
Startpoint: pe00.acc[0]$_DFF_PP0_
            (rising edge-triggered flip-flop clocked by clk)
Endpoint: pe00.acc[0]$_DFF_PP0_ (rising edge-triggered flip-flop clocked by clk)
Path Group: clk
Path Type: min

  Delay    Time   Description
---------------------------------------------------------
   0.00    0.00   clock clk (rise edge)
   0.00    0.00   clock source latency
   0.00    0.00 ^ clk (in)
   0.07    0.07 ^ clkbuf_0_clk/Z (CLKBUF_X3)
   0.06    0.13 ^ clkbuf_4_2_0_clk/Z (CLKBUF_X3)
   0.00    0.13 ^ pe00.acc[0]$_DFF_PP0_/CK (DFFR_X1)
   0.10    0.23 v pe00.acc[0]$_DFF_PP0_/Q (DFFR_X1)
   0.02    0.25 ^ _10944_/S (HA_X1)
   0.00    0.25 ^ pe00.acc[0]$_DFF_PP0_/D (DFFR_X1)
           0.25   data arrival time

   0.00    0.00   clock clk (rise edge)
   0.00    0.00   clock source latency
   0.00    0.00 ^ clk (in)
   0.07    0.07 ^ clkbuf_0_clk/Z (CLKBUF_X3)
   0.06    0.13 ^ clkbuf_4_2_0_clk/Z (CLKBUF_X3)
   0.00    0.13 ^ pe00.acc[0]$_DFF_PP0_/CK (DFFR_X1)
   0.00    0.13   clock reconvergence pessimism
   0.01    0.15   library hold time
           0.15   data required time
---------------------------------------------------------
           0.15   data required time
          -0.25   data arrival time
---------------------------------------------------------
           0.11   slack (MET)



==========================================================================
finish critical path target clock latency max path
--------------------------------------------------------------------------
0.1304

==========================================================================
finish critical path target clock latency min path
--------------------------------------------------------------------------
0.1313

==========================================================================
finish critical path source clock latency min path
--------------------------------------------------------------------------
0.0000

==========================================================================
finish critical path delay
--------------------------------------------------------------------------
1.5456

==========================================================================
finish critical path slack
--------------------------------------------------------------------------
3.5503

==========================================================================
finish slack div critical path delay
--------------------------------------------------------------------------
229.703675

==========================================================================
finish report_power
--------------------------------------------------------------------------
Group                  Internal  Switching    Leakage      Total
                          Power      Power      Power      Power (Watts)
----------------------------------------------------------------
Sequential             6.72e-04   1.22e-04   1.65e-05   8.10e-04   5.8%
Combinational          6.79e-03   5.99e-03   1.59e-04   1.29e-02  93.1%
Clock                  5.20e-05   9.86e-05   1.09e-06   1.52e-04   1.1%
Macro                  0.00e+00   0.00e+00   0.00e+00   0.00e+00   0.0%
Pad                    0.00e+00   0.00e+00   0.00e+00   0.00e+00   0.0%
----------------------------------------------------------------
Total                  7.51e-03   6.21e-03   1.76e-04   1.39e-02 100.0%
                          54.1%      44.7%       1.3%
